2020-06-28 17:19:46.523 INFO  org.apache.dubbo.spring.boot.context.event.WelcomeLogoApplicationListener Line:63  - 

 :: Dubbo Spring Boot (v2.7.3) : https://github.com/apache/dubbo-spring-boot-project
 :: Dubbo (v2.7.3) : https://github.com/apache/incubator-dubbo
 :: Discuss group : dev@dubbo.apache.org

2020-06-28 17:19:46.527 INFO  org.apache.dubbo.spring.boot.context.event.OverrideDubboConfigApplicationListener Line:68  - Dubbo Config was overridden by externalized configuration {dubbo.application.qos-enable=false, dubbo.config.multiple=true}
2020-06-28 17:19:46.602 INFO  com.zy.minicodepay.MiniCodePayApplication Line:55  - Starting MiniCodePayApplication on TH201955261 with PID 14488 (D:\IdeaProjects\mini-code\mini-code-pay\target\classes started by zhengyao in D:\IdeaProjects\mini-code)
2020-06-28 17:19:46.603 INFO  com.zy.minicodepay.MiniCodePayApplication Line:655 - The following profiles are active: dev
2020-06-28 17:19:47.176 INFO  org.apache.dubbo.config.spring.context.annotation.DubboConfigBindingRegistrar Line:127 - The dubbo config bean definition [name : org.apache.dubbo.config.ApplicationConfig#0, class : org.apache.dubbo.config.ApplicationConfig] has been registered.
2020-06-28 17:19:47.176 INFO  org.apache.dubbo.config.spring.context.annotation.DubboConfigBindingRegistrar Line:151 - The BeanPostProcessor bean definition [org.apache.dubbo.config.spring.beans.factory.annotation.DubboConfigBindingBeanPostProcessor] for dubbo config bean [name : org.apache.dubbo.config.ApplicationConfig#0] has been registered.
2020-06-28 17:19:47.308 INFO  org.springframework.context.support.PostProcessorRegistrationDelegate$BeanPostProcessorChecker Line:335 - Bean 'org.apache.dubbo.spring.boot.autoconfigure.DubboAutoConfiguration' of type [org.apache.dubbo.spring.boot.autoconfigure.DubboAutoConfiguration$$EnhancerBySpringCGLIB$$7d2f051f] is not eligible for getting processed by all BeanPostProcessors (for example: not eligible for auto-proxying)
2020-06-28 17:19:47.332 INFO  org.springframework.context.support.PostProcessorRegistrationDelegate$BeanPostProcessorChecker Line:335 - Bean 'org.apache.dubbo.spring.boot.autoconfigure.DubboRelaxedBinding2AutoConfiguration' of type [org.apache.dubbo.spring.boot.autoconfigure.DubboRelaxedBinding2AutoConfiguration$$EnhancerBySpringCGLIB$$de929ef] is not eligible for getting processed by all BeanPostProcessors (for example: not eligible for auto-proxying)
2020-06-28 17:19:47.337 INFO  org.springframework.context.support.PostProcessorRegistrationDelegate$BeanPostProcessorChecker Line:335 - Bean 'relaxedDubboConfigBinder' of type [org.apache.dubbo.spring.boot.autoconfigure.BinderDubboConfigBinder] is not eligible for getting processed by all BeanPostProcessors (for example: not eligible for auto-proxying)
2020-06-28 17:19:47.513 INFO  org.springframework.boot.web.embedded.tomcat.TomcatWebServer Line:108 - Tomcat initialized with port(s): 9111 (http)
2020-06-28 17:19:47.519 INFO  org.apache.catalina.core.StandardService Line:173 - Starting service [Tomcat]
2020-06-28 17:19:47.519 INFO  org.apache.catalina.core.StandardEngine Line:173 - Starting Servlet engine: [Apache Tomcat/9.0.36]
2020-06-28 17:19:47.575 INFO  org.apache.catalina.core.ContainerBase.[Tomcat].[localhost].[/mini-code-pay] Line:173 - Initializing Spring embedded WebApplicationContext
2020-06-28 17:19:47.575 INFO  org.springframework.boot.web.servlet.context.ServletWebServerApplicationContext Line:285 - Root WebApplicationContext: initialization completed in 934 ms
2020-06-28 17:19:47.640 INFO  org.apache.dubbo.config.spring.beans.factory.annotation.ReferenceAnnotationBeanPostProcessor Line:305 - class org.apache.dubbo.config.spring.beans.factory.annotation.ReferenceAnnotationBeanPostProcessor was destroying!
2020-06-28 17:19:47.642 INFO  org.apache.catalina.core.StandardService Line:173 - Stopping service [Tomcat]
2020-06-28 17:19:47.650 INFO  org.springframework.boot.autoconfigure.logging.ConditionEvaluationReportLoggingListener Line:136 - 

Error starting ApplicationContext. To display the conditions report re-run your application with 'debug' enabled.
2020-06-28 17:25:38.586 INFO  org.apache.dubbo.spring.boot.context.event.WelcomeLogoApplicationListener Line:63  - 

 :: Dubbo Spring Boot (v2.7.3) : https://github.com/apache/dubbo-spring-boot-project
 :: Dubbo (v2.7.3) : https://github.com/apache/incubator-dubbo
 :: Discuss group : dev@dubbo.apache.org

2020-06-28 17:25:38.594 INFO  org.apache.dubbo.spring.boot.context.event.OverrideDubboConfigApplicationListener Line:68  - Dubbo Config was overridden by externalized configuration {dubbo.application.id=3pay, dubbo.application.name=3pay, dubbo.application.qos-enable=false, dubbo.config.multiple=true, dubbo.protocol.name=dubbo, dubbo.provider.loadbalance=roundrobin, dubbo.provider.threadpool=fixed, dubbo.provider.threads=10, dubbo.registry.address=zookeeper://106.13.122.117:2181, dubbo.server=true}
2020-06-28 17:25:38.669 INFO  com.zy.minicodepay.MiniCodePayApplication Line:55  - Starting MiniCodePayApplication on TH201955261 with PID 11952 (D:\IdeaProjects\mini-code\mini-code-pay\target\classes started by zhengyao in D:\IdeaProjects\mini-code)
2020-06-28 17:25:38.670 INFO  com.zy.minicodepay.MiniCodePayApplication Line:655 - The following profiles are active: dev
2020-06-28 17:25:39.298 INFO  org.apache.dubbo.config.spring.context.annotation.DubboConfigBindingRegistrar Line:127 - The dubbo config bean definition [name : 3pay, class : org.apache.dubbo.config.ApplicationConfig] has been registered.
2020-06-28 17:25:39.299 INFO  org.apache.dubbo.config.spring.context.annotation.DubboConfigBindingRegistrar Line:151 - The BeanPostProcessor bean definition [org.apache.dubbo.config.spring.beans.factory.annotation.DubboConfigBindingBeanPostProcessor] for dubbo config bean [name : 3pay] has been registered.
2020-06-28 17:25:39.299 INFO  org.apache.dubbo.config.spring.context.annotation.DubboConfigBindingRegistrar Line:127 - The dubbo config bean definition [name : org.apache.dubbo.config.RegistryConfig#0, class : org.apache.dubbo.config.RegistryConfig] has been registered.
2020-06-28 17:25:39.300 INFO  org.apache.dubbo.config.spring.context.annotation.DubboConfigBindingRegistrar Line:151 - The BeanPostProcessor bean definition [org.apache.dubbo.config.spring.beans.factory.annotation.DubboConfigBindingBeanPostProcessor] for dubbo config bean [name : org.apache.dubbo.config.RegistryConfig#0] has been registered.
2020-06-28 17:25:39.300 INFO  org.apache.dubbo.config.spring.context.annotation.DubboConfigBindingRegistrar Line:127 - The dubbo config bean definition [name : org.apache.dubbo.config.ProtocolConfig#0, class : org.apache.dubbo.config.ProtocolConfig] has been registered.
2020-06-28 17:25:39.300 INFO  org.apache.dubbo.config.spring.context.annotation.DubboConfigBindingRegistrar Line:151 - The BeanPostProcessor bean definition [org.apache.dubbo.config.spring.beans.factory.annotation.DubboConfigBindingBeanPostProcessor] for dubbo config bean [name : org.apache.dubbo.config.ProtocolConfig#0] has been registered.
2020-06-28 17:25:39.300 INFO  org.apache.dubbo.config.spring.context.annotation.DubboConfigBindingRegistrar Line:127 - The dubbo config bean definition [name : org.apache.dubbo.config.ProviderConfig#0, class : org.apache.dubbo.config.ProviderConfig] has been registered.
2020-06-28 17:25:39.303 INFO  org.apache.dubbo.config.spring.context.annotation.DubboConfigBindingRegistrar Line:151 - The BeanPostProcessor bean definition [org.apache.dubbo.config.spring.beans.factory.annotation.DubboConfigBindingBeanPostProcessor] for dubbo config bean [name : org.apache.dubbo.config.ProviderConfig#0] has been registered.
2020-06-28 17:25:39.436 INFO  org.springframework.context.support.PostProcessorRegistrationDelegate$BeanPostProcessorChecker Line:335 - Bean 'org.apache.dubbo.spring.boot.autoconfigure.DubboAutoConfiguration' of type [org.apache.dubbo.spring.boot.autoconfigure.DubboAutoConfiguration$$EnhancerBySpringCGLIB$$5b28e1cf] is not eligible for getting processed by all BeanPostProcessors (for example: not eligible for auto-proxying)
2020-06-28 17:25:39.461 INFO  org.springframework.context.support.PostProcessorRegistrationDelegate$BeanPostProcessorChecker Line:335 - Bean 'org.apache.dubbo.spring.boot.autoconfigure.DubboRelaxedBinding2AutoConfiguration' of type [org.apache.dubbo.spring.boot.autoconfigure.DubboRelaxedBinding2AutoConfiguration$$EnhancerBySpringCGLIB$$ebe3069f] is not eligible for getting processed by all BeanPostProcessors (for example: not eligible for auto-proxying)
2020-06-28 17:25:39.467 INFO  org.springframework.context.support.PostProcessorRegistrationDelegate$BeanPostProcessorChecker Line:335 - Bean 'relaxedDubboConfigBinder' of type [org.apache.dubbo.spring.boot.autoconfigure.BinderDubboConfigBinder] is not eligible for getting processed by all BeanPostProcessors (for example: not eligible for auto-proxying)
2020-06-28 17:25:39.471 INFO  org.springframework.context.support.PostProcessorRegistrationDelegate$BeanPostProcessorChecker Line:335 - Bean 'relaxedDubboConfigBinder' of type [org.apache.dubbo.spring.boot.autoconfigure.BinderDubboConfigBinder] is not eligible for getting processed by all BeanPostProcessors (for example: not eligible for auto-proxying)
2020-06-28 17:25:39.473 INFO  org.springframework.context.support.PostProcessorRegistrationDelegate$BeanPostProcessorChecker Line:335 - Bean 'relaxedDubboConfigBinder' of type [org.apache.dubbo.spring.boot.autoconfigure.BinderDubboConfigBinder] is not eligible for getting processed by all BeanPostProcessors (for example: not eligible for auto-proxying)
2020-06-28 17:25:39.474 INFO  org.springframework.context.support.PostProcessorRegistrationDelegate$BeanPostProcessorChecker Line:335 - Bean 'relaxedDubboConfigBinder' of type [org.apache.dubbo.spring.boot.autoconfigure.BinderDubboConfigBinder] is not eligible for getting processed by all BeanPostProcessors (for example: not eligible for auto-proxying)
2020-06-28 17:25:39.674 INFO  org.springframework.boot.web.embedded.tomcat.TomcatWebServer Line:108 - Tomcat initialized with port(s): 9111 (http)
2020-06-28 17:25:39.680 INFO  org.apache.catalina.core.StandardService Line:173 - Starting service [Tomcat]
2020-06-28 17:25:39.681 INFO  org.apache.catalina.core.StandardEngine Line:173 - Starting Servlet engine: [Apache Tomcat/9.0.36]
2020-06-28 17:25:39.756 INFO  org.apache.catalina.core.ContainerBase.[Tomcat].[localhost].[/mini-code-pay] Line:173 - Initializing Spring embedded WebApplicationContext
2020-06-28 17:25:39.756 INFO  org.springframework.boot.web.servlet.context.ServletWebServerApplicationContext Line:285 - Root WebApplicationContext: initialization completed in 1046 ms
2020-06-28 17:25:39.840 INFO  org.apache.dubbo.config.spring.beans.factory.annotation.ReferenceAnnotationBeanPostProcessor Line:305 - class org.apache.dubbo.config.spring.beans.factory.annotation.ReferenceAnnotationBeanPostProcessor was destroying!
2020-06-28 17:25:39.842 INFO  org.apache.catalina.core.StandardService Line:173 - Stopping service [Tomcat]
2020-06-28 17:25:39.850 INFO  org.springframework.boot.autoconfigure.logging.ConditionEvaluationReportLoggingListener Line:136 - 

Error starting ApplicationContext. To display the conditions report re-run your application with 'debug' enabled.
2020-06-28 17:26:50.001 INFO  org.apache.dubbo.spring.boot.context.event.WelcomeLogoApplicationListener Line:63  - 

 :: Dubbo Spring Boot (v2.7.3) : https://github.com/apache/dubbo-spring-boot-project
 :: Dubbo (v2.7.3) : https://github.com/apache/incubator-dubbo
 :: Discuss group : dev@dubbo.apache.org

2020-06-28 17:26:50.008 INFO  org.apache.dubbo.spring.boot.context.event.OverrideDubboConfigApplicationListener Line:68  - Dubbo Config was overridden by externalized configuration {dubbo.application.id=3pay, dubbo.application.name=3pay, dubbo.application.qos-enable=false, dubbo.config.multiple=true, dubbo.protocol.name=dubbo, dubbo.provider.loadbalance=roundrobin, dubbo.provider.threadpool=fixed, dubbo.provider.threads=10, dubbo.registry.address=zookeeper://106.13.122.117:2181, dubbo.server=true}
2020-06-28 17:26:50.088 INFO  com.zy.minicodepay.MiniCodePayApplication Line:55  - Starting MiniCodePayApplication on TH201955261 with PID 3400 (D:\IdeaProjects\mini-code\mini-code-pay\target\classes started by zhengyao in D:\IdeaProjects\mini-code)
2020-06-28 17:26:50.090 INFO  com.zy.minicodepay.MiniCodePayApplication Line:655 - The following profiles are active: dev
2020-06-28 17:26:50.733 INFO  org.apache.dubbo.config.spring.context.annotation.DubboConfigBindingRegistrar Line:127 - The dubbo config bean definition [name : 3pay, class : org.apache.dubbo.config.ApplicationConfig] has been registered.
2020-06-28 17:26:50.734 INFO  org.apache.dubbo.config.spring.context.annotation.DubboConfigBindingRegistrar Line:151 - The BeanPostProcessor bean definition [org.apache.dubbo.config.spring.beans.factory.annotation.DubboConfigBindingBeanPostProcessor] for dubbo config bean [name : 3pay] has been registered.
2020-06-28 17:26:50.735 INFO  org.apache.dubbo.config.spring.context.annotation.DubboConfigBindingRegistrar Line:127 - The dubbo config bean definition [name : org.apache.dubbo.config.RegistryConfig#0, class : org.apache.dubbo.config.RegistryConfig] has been registered.
2020-06-28 17:26:50.735 INFO  org.apache.dubbo.config.spring.context.annotation.DubboConfigBindingRegistrar Line:151 - The BeanPostProcessor bean definition [org.apache.dubbo.config.spring.beans.factory.annotation.DubboConfigBindingBeanPostProcessor] for dubbo config bean [name : org.apache.dubbo.config.RegistryConfig#0] has been registered.
2020-06-28 17:26:50.735 INFO  org.apache.dubbo.config.spring.context.annotation.DubboConfigBindingRegistrar Line:127 - The dubbo config bean definition [name : org.apache.dubbo.config.ProtocolConfig#0, class : org.apache.dubbo.config.ProtocolConfig] has been registered.
2020-06-28 17:26:50.735 INFO  org.apache.dubbo.config.spring.context.annotation.DubboConfigBindingRegistrar Line:151 - The BeanPostProcessor bean definition [org.apache.dubbo.config.spring.beans.factory.annotation.DubboConfigBindingBeanPostProcessor] for dubbo config bean [name : org.apache.dubbo.config.ProtocolConfig#0] has been registered.
2020-06-28 17:26:50.736 INFO  org.apache.dubbo.config.spring.context.annotation.DubboConfigBindingRegistrar Line:127 - The dubbo config bean definition [name : org.apache.dubbo.config.ProviderConfig#0, class : org.apache.dubbo.config.ProviderConfig] has been registered.
2020-06-28 17:26:50.736 INFO  org.apache.dubbo.config.spring.context.annotation.DubboConfigBindingRegistrar Line:151 - The BeanPostProcessor bean definition [org.apache.dubbo.config.spring.beans.factory.annotation.DubboConfigBindingBeanPostProcessor] for dubbo config bean [name : org.apache.dubbo.config.ProviderConfig#0] has been registered.
2020-06-28 17:26:50.873 INFO  org.springframework.context.support.PostProcessorRegistrationDelegate$BeanPostProcessorChecker Line:335 - Bean 'org.apache.dubbo.spring.boot.autoconfigure.DubboAutoConfiguration' of type [org.apache.dubbo.spring.boot.autoconfigure.DubboAutoConfiguration$$EnhancerBySpringCGLIB$$99cfc69d] is not eligible for getting processed by all BeanPostProcessors (for example: not eligible for auto-proxying)
2020-06-28 17:26:50.895 INFO  org.springframework.context.support.PostProcessorRegistrationDelegate$BeanPostProcessorChecker Line:335 - Bean 'org.apache.dubbo.spring.boot.autoconfigure.DubboRelaxedBinding2AutoConfiguration' of type [org.apache.dubbo.spring.boot.autoconfigure.DubboRelaxedBinding2AutoConfiguration$$EnhancerBySpringCGLIB$$2a89eb6d] is not eligible for getting processed by all BeanPostProcessors (for example: not eligible for auto-proxying)
2020-06-28 17:26:50.900 INFO  org.springframework.context.support.PostProcessorRegistrationDelegate$BeanPostProcessorChecker Line:335 - Bean 'relaxedDubboConfigBinder' of type [org.apache.dubbo.spring.boot.autoconfigure.BinderDubboConfigBinder] is not eligible for getting processed by all BeanPostProcessors (for example: not eligible for auto-proxying)
2020-06-28 17:26:50.903 INFO  org.springframework.context.support.PostProcessorRegistrationDelegate$BeanPostProcessorChecker Line:335 - Bean 'relaxedDubboConfigBinder' of type [org.apache.dubbo.spring.boot.autoconfigure.BinderDubboConfigBinder] is not eligible for getting processed by all BeanPostProcessors (for example: not eligible for auto-proxying)
2020-06-28 17:26:50.904 INFO  org.springframework.context.support.PostProcessorRegistrationDelegate$BeanPostProcessorChecker Line:335 - Bean 'relaxedDubboConfigBinder' of type [org.apache.dubbo.spring.boot.autoconfigure.BinderDubboConfigBinder] is not eligible for getting processed by all BeanPostProcessors (for example: not eligible for auto-proxying)
2020-06-28 17:26:50.906 INFO  org.springframework.context.support.PostProcessorRegistrationDelegate$BeanPostProcessorChecker Line:335 - Bean 'relaxedDubboConfigBinder' of type [org.apache.dubbo.spring.boot.autoconfigure.BinderDubboConfigBinder] is not eligible for getting processed by all BeanPostProcessors (for example: not eligible for auto-proxying)
2020-06-28 17:26:51.081 INFO  org.springframework.boot.web.embedded.tomcat.TomcatWebServer Line:108 - Tomcat initialized with port(s): 9111 (http)
2020-06-28 17:26:51.087 INFO  org.apache.catalina.core.StandardService Line:173 - Starting service [Tomcat]
2020-06-28 17:26:51.087 INFO  org.apache.catalina.core.StandardEngine Line:173 - Starting Servlet engine: [Apache Tomcat/9.0.36]
2020-06-28 17:26:51.143 INFO  org.apache.catalina.core.ContainerBase.[Tomcat].[localhost].[/mini-code-pay] Line:173 - Initializing Spring embedded WebApplicationContext
2020-06-28 17:26:51.144 INFO  org.springframework.boot.web.servlet.context.ServletWebServerApplicationContext Line:285 - Root WebApplicationContext: initialization completed in 1014 ms
2020-06-28 17:26:51.209 INFO  org.apache.dubbo.config.spring.beans.factory.annotation.ReferenceAnnotationBeanPostProcessor Line:305 - class org.apache.dubbo.config.spring.beans.factory.annotation.ReferenceAnnotationBeanPostProcessor was destroying!
2020-06-28 17:26:51.211 INFO  org.apache.catalina.core.StandardService Line:173 - Stopping service [Tomcat]
2020-06-28 17:26:51.218 INFO  org.springframework.boot.autoconfigure.logging.ConditionEvaluationReportLoggingListener Line:136 - 

Error starting ApplicationContext. To display the conditions report re-run your application with 'debug' enabled.
2020-06-28 17:27:25.395 INFO  org.apache.dubbo.spring.boot.context.event.WelcomeLogoApplicationListener Line:63  - 

 :: Dubbo Spring Boot (v2.7.3) : https://github.com/apache/dubbo-spring-boot-project
 :: Dubbo (v2.7.3) : https://github.com/apache/incubator-dubbo
 :: Discuss group : dev@dubbo.apache.org

2020-06-28 17:27:25.400 INFO  org.apache.dubbo.spring.boot.context.event.OverrideDubboConfigApplicationListener Line:68  - Dubbo Config was overridden by externalized configuration {dubbo.application.id=3pay, dubbo.application.name=3pay, dubbo.application.qos-enable=false, dubbo.config.multiple=true, dubbo.protocol.name=dubbo, dubbo.provider.loadbalance=roundrobin, dubbo.provider.threadpool=fixed, dubbo.provider.threads=10, dubbo.registry.address=zookeeper://106.13.122.117:2181, dubbo.server=true}
2020-06-28 17:27:25.478 INFO  com.zy.minicodepay.MiniCodePayApplication Line:55  - Starting MiniCodePayApplication on TH201955261 with PID 7212 (D:\IdeaProjects\mini-code\mini-code-pay\target\classes started by zhengyao in D:\IdeaProjects\mini-code)
2020-06-28 17:27:25.479 INFO  com.zy.minicodepay.MiniCodePayApplication Line:655 - The following profiles are active: dev
2020-06-28 17:27:26.101 INFO  org.apache.dubbo.config.spring.context.annotation.DubboConfigBindingRegistrar Line:127 - The dubbo config bean definition [name : 3pay, class : org.apache.dubbo.config.ApplicationConfig] has been registered.
2020-06-28 17:27:26.102 INFO  org.apache.dubbo.config.spring.context.annotation.DubboConfigBindingRegistrar Line:151 - The BeanPostProcessor bean definition [org.apache.dubbo.config.spring.beans.factory.annotation.DubboConfigBindingBeanPostProcessor] for dubbo config bean [name : 3pay] has been registered.
2020-06-28 17:27:26.102 INFO  org.apache.dubbo.config.spring.context.annotation.DubboConfigBindingRegistrar Line:127 - The dubbo config bean definition [name : org.apache.dubbo.config.RegistryConfig#0, class : org.apache.dubbo.config.RegistryConfig] has been registered.
2020-06-28 17:27:26.102 INFO  org.apache.dubbo.config.spring.context.annotation.DubboConfigBindingRegistrar Line:151 - The BeanPostProcessor bean definition [org.apache.dubbo.config.spring.beans.factory.annotation.DubboConfigBindingBeanPostProcessor] for dubbo config bean [name : org.apache.dubbo.config.RegistryConfig#0] has been registered.
2020-06-28 17:27:26.102 INFO  org.apache.dubbo.config.spring.context.annotation.DubboConfigBindingRegistrar Line:127 - The dubbo config bean definition [name : org.apache.dubbo.config.ProtocolConfig#0, class : org.apache.dubbo.config.ProtocolConfig] has been registered.
2020-06-28 17:27:26.103 INFO  org.apache.dubbo.config.spring.context.annotation.DubboConfigBindingRegistrar Line:151 - The BeanPostProcessor bean definition [org.apache.dubbo.config.spring.beans.factory.annotation.DubboConfigBindingBeanPostProcessor] for dubbo config bean [name : org.apache.dubbo.config.ProtocolConfig#0] has been registered.
2020-06-28 17:27:26.103 INFO  org.apache.dubbo.config.spring.context.annotation.DubboConfigBindingRegistrar Line:127 - The dubbo config bean definition [name : org.apache.dubbo.config.ProviderConfig#0, class : org.apache.dubbo.config.ProviderConfig] has been registered.
2020-06-28 17:27:26.103 INFO  org.apache.dubbo.config.spring.context.annotation.DubboConfigBindingRegistrar Line:151 - The BeanPostProcessor bean definition [org.apache.dubbo.config.spring.beans.factory.annotation.DubboConfigBindingBeanPostProcessor] for dubbo config bean [name : org.apache.dubbo.config.ProviderConfig#0] has been registered.
2020-06-28 17:27:26.276 INFO  org.springframework.context.support.PostProcessorRegistrationDelegate$BeanPostProcessorChecker Line:335 - Bean 'org.apache.dubbo.spring.boot.autoconfigure.DubboRelaxedBinding2AutoConfiguration' of type [org.apache.dubbo.spring.boot.autoconfigure.DubboRelaxedBinding2AutoConfiguration$$EnhancerBySpringCGLIB$$8663673f] is not eligible for getting processed by all BeanPostProcessors (for example: not eligible for auto-proxying)
2020-06-28 17:27:26.284 INFO  org.springframework.context.support.PostProcessorRegistrationDelegate$BeanPostProcessorChecker Line:335 - Bean 'relaxedDubboConfigBinder' of type [org.apache.dubbo.spring.boot.autoconfigure.BinderDubboConfigBinder] is not eligible for getting processed by all BeanPostProcessors (for example: not eligible for auto-proxying)
2020-06-28 17:27:26.287 INFO  org.springframework.context.support.PostProcessorRegistrationDelegate$BeanPostProcessorChecker Line:335 - Bean 'relaxedDubboConfigBinder' of type [org.apache.dubbo.spring.boot.autoconfigure.BinderDubboConfigBinder] is not eligible for getting processed by all BeanPostProcessors (for example: not eligible for auto-proxying)
2020-06-28 17:27:26.288 INFO  org.springframework.context.support.PostProcessorRegistrationDelegate$BeanPostProcessorChecker Line:335 - Bean 'relaxedDubboConfigBinder' of type [org.apache.dubbo.spring.boot.autoconfigure.BinderDubboConfigBinder] is not eligible for getting processed by all BeanPostProcessors (for example: not eligible for auto-proxying)
2020-06-28 17:27:26.290 INFO  org.springframework.context.support.PostProcessorRegistrationDelegate$BeanPostProcessorChecker Line:335 - Bean 'relaxedDubboConfigBinder' of type [org.apache.dubbo.spring.boot.autoconfigure.BinderDubboConfigBinder] is not eligible for getting processed by all BeanPostProcessors (for example: not eligible for auto-proxying)
2020-06-28 17:27:26.463 INFO  org.springframework.boot.web.embedded.tomcat.TomcatWebServer Line:108 - Tomcat initialized with port(s): 9111 (http)
2020-06-28 17:27:26.468 INFO  org.apache.catalina.core.StandardService Line:173 - Starting service [Tomcat]
2020-06-28 17:27:26.469 INFO  org.apache.catalina.core.StandardEngine Line:173 - Starting Servlet engine: [Apache Tomcat/9.0.36]
2020-06-28 17:27:26.525 INFO  org.apache.catalina.core.ContainerBase.[Tomcat].[localhost].[/mini-code-pay] Line:173 - Initializing Spring embedded WebApplicationContext
2020-06-28 17:27:26.525 INFO  org.springframework.boot.web.servlet.context.ServletWebServerApplicationContext Line:285 - Root WebApplicationContext: initialization completed in 992 ms
2020-06-28 17:27:26.890 INFO  springfox.documentation.spring.web.PropertySourcedRequestMappingHandlerMapping Line:69  - Mapped URL path [/v2/api-docs] onto method [springfox.documentation.swagger2.web.Swagger2Controller#getDocumentation(String, HttpServletRequest)]
2020-06-28 17:27:26.972 INFO  org.springframework.scheduling.concurrent.ThreadPoolTaskExecutor Line:181 - Initializing ExecutorService 'applicationTaskExecutor'
2020-06-28 17:27:27.086 INFO  org.apache.dubbo.config.spring.beans.factory.annotation.DubboConfigBindingBeanPostProcessor Line:109 - The properties of bean [name : 3pay] have been binding by prefix of configuration properties : dubbo.application
2020-06-28 17:27:27.090 INFO  org.apache.dubbo.config.spring.beans.factory.annotation.DubboConfigBindingBeanPostProcessor Line:109 - The properties of bean [name : org.apache.dubbo.config.RegistryConfig#0] have been binding by prefix of configuration properties : dubbo.registry
2020-06-28 17:27:27.094 INFO  org.apache.dubbo.config.spring.beans.factory.annotation.DubboConfigBindingBeanPostProcessor Line:109 - The properties of bean [name : org.apache.dubbo.config.ProtocolConfig#0] have been binding by prefix of configuration properties : dubbo.protocol
2020-06-28 17:27:27.113 INFO  org.apache.dubbo.config.spring.beans.factory.annotation.DubboConfigBindingBeanPostProcessor Line:109 - The properties of bean [name : org.apache.dubbo.config.ProviderConfig#0] have been binding by prefix of configuration properties : dubbo.provider
2020-06-28 17:27:27.344 INFO  org.springframework.boot.web.embedded.tomcat.TomcatWebServer Line:220 - Tomcat started on port(s): 9111 (http) with context path '/mini-code-pay'
2020-06-28 17:27:27.345 INFO  springfox.documentation.spring.web.plugins.DocumentationPluginsBootstrapper Line:160 - Context refreshed
2020-06-28 17:27:27.355 INFO  springfox.documentation.spring.web.plugins.DocumentationPluginsBootstrapper Line:163 - Found 4 custom documentation plugin(s)
2020-06-28 17:27:27.376 INFO  springfox.documentation.spring.web.scanners.ApiListingReferenceScanner Line:41  - Scanning for api listing references
2020-06-28 17:27:27.387 INFO  springfox.documentation.spring.web.scanners.ApiListingReferenceScanner Line:41  - Scanning for api listing references
2020-06-28 17:27:27.390 INFO  springfox.documentation.spring.web.scanners.ApiListingReferenceScanner Line:41  - Scanning for api listing references
2020-06-28 17:27:27.393 INFO  springfox.documentation.spring.web.scanners.ApiListingReferenceScanner Line:41  - Scanning for api listing references
2020-06-28 17:27:27.442 INFO  org.apache.zookeeper.ZooKeeper Line:109 - Client environment:zookeeper.version=3.5.3-beta-8ce24f9e675cbefffb8f21a47e06b42864475a60, built on 04/03/2017 16:19 GMT
2020-06-28 17:27:27.442 INFO  org.apache.zookeeper.ZooKeeper Line:109 - Client environment:host.name=TH201955261.tuhu.ad
2020-06-28 17:27:27.443 INFO  org.apache.zookeeper.ZooKeeper Line:109 - Client environment:java.version=1.8.0_231
2020-06-28 17:27:27.443 INFO  org.apache.zookeeper.ZooKeeper Line:109 - Client environment:java.vendor=Oracle Corporation
2020-06-28 17:27:27.443 INFO  org.apache.zookeeper.ZooKeeper Line:109 - Client environment:java.home=D:\Develop\Java\jdk1.8.0_231\jre
2020-06-28 17:27:27.443 INFO  org.apache.zookeeper.ZooKeeper Line:109 - Client environment:java.class.path=D:\Develop\Java\jdk1.8.0_231\jre\lib\charsets.jar;D:\Develop\Java\jdk1.8.0_231\jre\lib\deploy.jar;D:\Develop\Java\jdk1.8.0_231\jre\lib\ext\access-bridge-64.jar;D:\Develop\Java\jdk1.8.0_231\jre\lib\ext\cldrdata.jar;D:\Develop\Java\jdk1.8.0_231\jre\lib\ext\dnsns.jar;D:\Develop\Java\jdk1.8.0_231\jre\lib\ext\jaccess.jar;D:\Develop\Java\jdk1.8.0_231\jre\lib\ext\jfxrt.jar;D:\Develop\Java\jdk1.8.0_231\jre\lib\ext\localedata.jar;D:\Develop\Java\jdk1.8.0_231\jre\lib\ext\nashorn.jar;D:\Develop\Java\jdk1.8.0_231\jre\lib\ext\sunec.jar;D:\Develop\Java\jdk1.8.0_231\jre\lib\ext\sunjce_provider.jar;D:\Develop\Java\jdk1.8.0_231\jre\lib\ext\sunmscapi.jar;D:\Develop\Java\jdk1.8.0_231\jre\lib\ext\sunpkcs11.jar;D:\Develop\Java\jdk1.8.0_231\jre\lib\ext\zipfs.jar;D:\Develop\Java\jdk1.8.0_231\jre\lib\javaws.jar;D:\Develop\Java\jdk1.8.0_231\jre\lib\jce.jar;D:\Develop\Java\jdk1.8.0_231\jre\lib\jfr.jar;D:\Develop\Java\jdk1.8.0_231\jre\lib\jfxswt.jar;D:\Develop\Java\jdk1.8.0_231\jre\lib\jsse.jar;D:\Develop\Java\jdk1.8.0_231\jre\lib\management-agent.jar;D:\Develop\Java\jdk1.8.0_231\jre\lib\plugin.jar;D:\Develop\Java\jdk1.8.0_231\jre\lib\resources.jar;D:\Develop\Java\jdk1.8.0_231\jre\lib\rt.jar;D:\IdeaProjects\mini-code\mini-code-pay\target\classes;D:\maven\repository\org\springframework\boot\spring-boot-starter-web\2.3.1.RELEASE\spring-boot-starter-web-2.3.1.RELEASE.jar;D:\maven\repository\org\springframework\boot\spring-boot-starter\2.3.1.RELEASE\spring-boot-starter-2.3.1.RELEASE.jar;D:\maven\repository\org\springframework\boot\spring-boot\2.3.1.RELEASE\spring-boot-2.3.1.RELEASE.jar;D:\maven\repository\org\springframework\boot\spring-boot-autoconfigure\2.3.1.RELEASE\spring-boot-autoconfigure-2.3.1.RELEASE.jar;D:\maven\repository\org\springframework\boot\spring-boot-starter-logging\2.3.1.RELEASE\spring-boot-starter-logging-2.3.1.RELEASE.jar;D:\maven\repository\ch\qos\logback\logback-classic\1.2.3\logback-classic-1.2.3.jar;D:\maven\repository\ch\qos\logback\logback-core\1.2.3\logback-core-1.2.3.jar;D:\maven\repository\org\apache\logging\log4j\log4j-to-slf4j\2.13.3\log4j-to-slf4j-2.13.3.jar;D:\maven\repository\org\apache\logging\log4j\log4j-api\2.13.3\log4j-api-2.13.3.jar;D:\maven\repository\org\slf4j\jul-to-slf4j\1.7.30\jul-to-slf4j-1.7.30.jar;D:\maven\repository\jakarta\annotation\jakarta.annotation-api\1.3.5\jakarta.annotation-api-1.3.5.jar;D:\maven\repository\org\springframework\boot\spring-boot-starter-json\2.3.1.RELEASE\spring-boot-starter-json-2.3.1.RELEASE.jar;D:\maven\repository\com\fasterxml\jackson\core\jackson-databind\2.11.0\jackson-databind-2.11.0.jar;D:\maven\repository\com\fasterxml\jackson\core\jackson-core\2.11.0\jackson-core-2.11.0.jar;D:\maven\repository\com\fasterxml\jackson\datatype\jackson-datatype-jdk8\2.11.0\jackson-datatype-jdk8-2.11.0.jar;D:\maven\repository\com\fasterxml\jackson\datatype\jackson-datatype-jsr310\2.11.0\jackson-datatype-jsr310-2.11.0.jar;D:\maven\repository\com\fasterxml\jackson\module\jackson-module-parameter-names\2.11.0\jackson-module-parameter-names-2.11.0.jar;D:\maven\repository\org\springframework\boot\spring-boot-starter-tomcat\2.3.1.RELEASE\spring-boot-starter-tomcat-2.3.1.RELEASE.jar;D:\maven\repository\org\apache\tomcat\embed\tomcat-embed-core\9.0.36\tomcat-embed-core-9.0.36.jar;D:\maven\repository\org\glassfish\jakarta.el\3.0.3\jakarta.el-3.0.3.jar;D:\maven\repository\org\apache\tomcat\embed\tomcat-embed-websocket\9.0.36\tomcat-embed-websocket-9.0.36.jar;D:\maven\repository\org\springframework\spring-web\5.2.7.RELEASE\spring-web-5.2.7.RELEASE.jar;D:\maven\repository\org\springframework\spring-beans\5.2.7.RELEASE\spring-beans-5.2.7.RELEASE.jar;D:\maven\repository\org\springframework\spring-webmvc\5.2.7.RELEASE\spring-webmvc-5.2.7.RELEASE.jar;D:\maven\repository\org\springframework\spring-aop\5.2.7.RELEASE\spring-aop-5.2.7.RELEASE.jar;D:\maven\repository\org\springframework\spring-expression\5.2.7.RELEASE\spring-expression-5.2.7.RELEASE.jar;D:\maven\repository\net\bytebuddy\byte-buddy\1.10.11\byte-buddy-1.10.11.jar;D:\maven\repository\org\springframework\spring-core\5.2.7.RELEASE\spring-core-5.2.7.RELEASE.jar;D:\maven\repository\org\springframework\spring-jcl\5.2.7.RELEASE\spring-jcl-5.2.7.RELEASE.jar;D:\maven\repository\org\springframework\boot\spring-boot-starter-thymeleaf\2.3.1.RELEASE\spring-boot-starter-thymeleaf-2.3.1.RELEASE.jar;D:\maven\repository\org\thymeleaf\thymeleaf-spring5\3.0.11.RELEASE\thymeleaf-spring5-3.0.11.RELEASE.jar;D:\maven\repository\org\thymeleaf\thymeleaf\3.0.11.RELEASE\thymeleaf-3.0.11.RELEASE.jar;D:\maven\repository\org\attoparser\attoparser\2.0.5.RELEASE\attoparser-2.0.5.RELEASE.jar;D:\maven\repository\org\unbescape\unbescape\1.1.6.RELEASE\unbescape-1.1.6.RELEASE.jar;D:\maven\repository\org\thymeleaf\extras\thymeleaf-extras-java8time\3.0.4.RELEASE\thymeleaf-extras-java8time-3.0.4.RELEASE.jar;D:\maven\repository\com\zy\alipay-trade-sdk\1.0.0\alipay-trade-sdk-1.0.0.jar;D:\maven\repository\com\alipay\sdk\alipay-sdk-java\3.4.27.ALL\alipay-sdk-java-3.4.27.ALL.jar;D:\maven\repository\commons-logging\commons-logging\1.1.1\commons-logging-1.1.1.jar;D:\maven\repository\org\apache\commons\commons-lang3\3.6\commons-lang3-3.6.jar;D:\maven\repository\net\sf\json-lib\json-lib\2.4\json-lib-2.4-jdk15.jar;D:\maven\repository\commons-beanutils\commons-beanutils\1.8.0\commons-beanutils-1.8.0.jar;D:\maven\repository\commons-collections\commons-collections\3.2.1\commons-collections-3.2.1.jar;D:\maven\repository\commons-lang\commons-lang\2.5\commons-lang-2.5.jar;D:\maven\repository\net\sf\ezmorph\ezmorph\1.0.6\ezmorph-1.0.6.jar;D:\maven\repository\commons-configuration\commons-configuration\1.10\commons-configuration-1.10.jar;D:\maven\repository\com\google\zxing\core\3.2.1\core-3.2.1.jar;D:\maven\repository\net\sourceforge\nekohtml\nekohtml\1.9.22\nekohtml-1.9.22.jar;D:\maven\repository\xerces\xercesImpl\2.11.0\xercesImpl-2.11.0.jar;D:\maven\repository\org\jdom\jdom\1.1\jdom-1.1.jar;D:\maven\repository\org\apache\httpcomponents\httpclient\4.3.4\httpclient-4.3.4.jar;D:\maven\repository\org\apache\httpcomponents\httpcore\4.4.13\httpcore-4.4.13.jar;D:\maven\repository\commons-codec\commons-codec\1.14\commons-codec-1.14.jar;D:\maven\repository\dom4j\dom4j\1.6.1\dom4j-1.6.1.jar;D:\maven\repository\xml-apis\xml-apis\1.0.b2\xml-apis-1.0.b2.jar;D:\maven\repository\org\bouncycastle\bcprov-jdk16\1.46\bcprov-jdk16-1.46.jar;D:\maven\repository\org\apache\dubbo\dubbo\2.7.3\dubbo-2.7.3.jar;D:\maven\repository\org\springframework\spring-context\5.2.7.RELEASE\spring-context-5.2.7.RELEASE.jar;D:\maven\repository\org\javassist\javassist\3.20.0-GA\javassist-3.20.0-GA.jar;D:\maven\repository\io\netty\netty-all\4.1.50.Final\netty-all-4.1.50.Final.jar;D:\maven\repository\com\google\code\gson\gson\2.8.6\gson-2.8.6.jar;D:\maven\repository\org\yaml\snakeyaml\1.26\snakeyaml-1.26.jar;D:\maven\repository\org\apache\dubbo\dubbo-spring-boot-starter\2.7.3\dubbo-spring-boot-starter-2.7.3.jar;D:\maven\repository\org\apache\dubbo\dubbo-spring-boot-autoconfigure\2.7.3\dubbo-spring-boot-autoconfigure-2.7.3.jar;D:\maven\repository\org\apache\dubbo\dubbo-spring-boot-autoconfigure-compatible\2.7.3\dubbo-spring-boot-autoconfigure-compatible-2.7.3.jar;D:\maven\repository\org\apache\zookeeper\zookeeper\3.5.3-beta\zookeeper-3.5.3-beta.jar;D:\maven\repository\org\slf4j\slf4j-api\1.7.30\slf4j-api-1.7.30.jar;D:\maven\repository\org\slf4j\slf4j-log4j12\1.7.30\slf4j-log4j12-1.7.30.jar;D:\maven\repository\commons-cli\commons-cli\1.2\commons-cli-1.2.jar;D:\maven\repository\log4j\log4j\1.2.17\log4j-1.2.17.jar;D:\maven\repository\io\netty\netty\3.10.5.Final\netty-3.10.5.Final.jar;D:\maven\repository\org\apache\curator\curator-framework\4.2.0\curator-framework-4.2.0.jar;D:\maven\repository\org\apache\curator\curator-client\4.2.0\curator-client-4.2.0.jar;D:\maven\repository\org\apache\curator\curator-recipes\4.2.0\curator-recipes-4.2.0.jar;D:\maven\repository\io\springfox\springfox-swagger2\2.9.2\springfox-swagger2-2.9.2.jar;D:\maven\repository\io\swagger\swagger-annotations\1.5.20\swagger-annotations-1.5.20.jar;D:\maven\repository\io\swagger\swagger-models\1.5.20\swagger-models-1.5.20.jar;D:\maven\repository\com\fasterxml\jackson\core\jackson-annotations\2.11.0\jackson-annotations-2.11.0.jar;D:\maven\repository\io\springfox\springfox-spi\2.9.2\springfox-spi-2.9.2.jar;D:\maven\repository\io\springfox\springfox-core\2.9.2\springfox-core-2.9.2.jar;D:\maven\repository\io\springfox\springfox-schema\2.9.2\springfox-schema-2.9.2.jar;D:\maven\repository\io\springfox\springfox-swagger-common\2.9.2\springfox-swagger-common-2.9.2.jar;D:\maven\repository\io\springfox\springfox-spring-web\2.9.2\springfox-spring-web-2.9.2.jar;D:\maven\repository\com\google\guava\guava\20.0\guava-20.0.jar;D:\maven\repository\com\fasterxml\classmate\1.5.1\classmate-1.5.1.jar;D:\maven\repository\org\springframework\plugin\spring-plugin-core\1.2.0.RELEASE\spring-plugin-core-1.2.0.RELEASE.jar;D:\maven\repository\org\springframework\plugin\spring-plugin-metadata\1.2.0.RELEASE\spring-plugin-metadata-1.2.0.RELEASE.jar;D:\maven\repository\org\mapstruct\mapstruct\1.2.0.Final\mapstruct-1.2.0.Final.jar;D:\maven\repository\io\springfox\springfox-swagger-ui\2.9.2\springfox-swagger-ui-2.9.2.jar;D:\maven\repository\com\github\liyiorg\weixin-popular\2.8.16\weixin-popular-2.8.16.jar;D:\maven\repository\com\alibaba\fastjson\1.2.7\fastjson-1.2.7.jar;D:\maven\repository\org\apache\httpcomponents\httpmime\4.5.12\httpmime-4.5.12.jar;D:\maven\repository\com\sun\xml\bind\jaxb-impl\2.1.12\jaxb-impl-2.1.12.jar;D:\maven\repository\com\vdurmont\emoji-java\3.1.3\emoji-java-3.1.3.jar;D:\maven\repository\org\json\json\20140107\json-20140107.jar;D:\Develop\JetBrains\IntelliJ IDEA 2018.2.3\lib\idea_rt.jar
2020-06-28 17:27:27.445 INFO  org.apache.zookeeper.ZooKeeper Line:109 - Client environment:java.library.path=D:\Develop\Java\jdk1.8.0_231\bin;C:\Windows\Sun\Java\bin;C:\Windows\system32;C:\Windows;D:\Develop\node-v10.16.0-win-x64;D:\Develop\Java\jdk1.8.0_231\bin;D:\Develop\Java\jdk1.8.0_231\jre\bin;C:\Windows\system32;C:\Windows;C:\Windows\System32\Wbem;C:\Windows\System32\WindowsPowerShell\v1.0\;C:\Windows\System32\OpenSSH\;C:\ProgramData\chocolatey\bin;D:\git\Git\cmd;C:\Users\zhengyao\AppData\Local\Microsoft\WindowsApps;;.
2020-06-28 17:27:27.446 INFO  org.apache.zookeeper.ZooKeeper Line:109 - Client environment:java.io.tmpdir=C:\Users\zhengyao\AppData\Local\Temp\
2020-06-28 17:27:27.446 INFO  org.apache.zookeeper.ZooKeeper Line:109 - Client environment:java.compiler=<NA>
2020-06-28 17:27:27.446 INFO  org.apache.zookeeper.ZooKeeper Line:109 - Client environment:os.name=Windows 10
2020-06-28 17:27:27.446 INFO  org.apache.zookeeper.ZooKeeper Line:109 - Client environment:os.arch=amd64
2020-06-28 17:27:27.446 INFO  org.apache.zookeeper.ZooKeeper Line:109 - Client environment:os.version=10.0
2020-06-28 17:27:27.446 INFO  org.apache.zookeeper.ZooKeeper Line:109 - Client environment:user.name=zhengyao
2020-06-28 17:27:27.447 INFO  org.apache.zookeeper.ZooKeeper Line:109 - Client environment:user.home=C:\Users\zhengyao
2020-06-28 17:27:27.447 INFO  org.apache.zookeeper.ZooKeeper Line:109 - Client environment:user.dir=D:\IdeaProjects\mini-code
2020-06-28 17:27:27.447 INFO  org.apache.zookeeper.ZooKeeper Line:109 - Client environment:os.memory.free=260MB
2020-06-28 17:27:27.447 INFO  org.apache.zookeeper.ZooKeeper Line:109 - Client environment:os.memory.max=3612MB
2020-06-28 17:27:27.447 INFO  org.apache.zookeeper.ZooKeeper Line:109 - Client environment:os.memory.total=320MB
2020-06-28 17:27:27.448 INFO  org.apache.curator.utils.Compatibility Line:61  - Using emulated InjectSessionExpiration
2020-06-28 17:27:27.461 INFO  org.apache.curator.framework.imps.CuratorFrameworkImpl Line:308 - Starting
2020-06-28 17:27:27.463 INFO  org.apache.zookeeper.ZooKeeper Line:865 - Initiating client connection, connectString=106.13.122.117:2181 sessionTimeout=60000 watcher=org.apache.curator.ConnectionState@4cb702ce
2020-06-28 17:27:27.466 INFO  org.apache.zookeeper.ClientCnxnSocket Line:236 - jute.maxbuffer value is 4194304 Bytes
2020-06-28 17:27:27.471 INFO  org.apache.zookeeper.ClientCnxn Line:1113 - Opening socket connection to server 106.13.122.117/106.13.122.117:2181. Will not attempt to authenticate using SASL (unknown error)
2020-06-28 17:27:27.475 INFO  org.apache.curator.framework.imps.CuratorFrameworkImpl Line:356 - Default schema
2020-06-28 17:27:27.501 INFO  org.apache.zookeeper.ClientCnxn Line:948 - Socket connection established, initiating session, client: /172.16.249.43:57072, server: 106.13.122.117/106.13.122.117:2181
2020-06-28 17:27:27.535 INFO  org.apache.zookeeper.ClientCnxn Line:1381 - Session establishment complete on server 106.13.122.117/106.13.122.117:2181, sessionid = 0x10752f34ead0e59, negotiated timeout = 40000
2020-06-28 17:27:27.539 INFO  org.apache.curator.framework.state.ConnectionStateManager Line:251 - State change: CONNECTED
2020-06-28 17:27:27.573 INFO  org.apache.curator.framework.imps.EnsembleTracker Line:201 - New config event received: {}
2020-06-28 17:27:27.576 INFO  org.apache.curator.framework.imps.EnsembleTracker Line:201 - New config event received: {}
2020-06-28 17:27:29.116 INFO  com.zy.minicodepay.MiniCodePayApplication Line:61  - Started MiniCodePayApplication in 4.086 seconds (JVM running for 4.63)
2020-06-28 17:27:29.131 INFO  com.alipay.demo.trade.config.Configs Line:78  - 配置文件名: zfbinfo.properties
2020-06-28 17:27:29.131 INFO  com.alipay.demo.trade.config.Configs Line:79  - Configs{支付宝openapi网关: https://openapi.alipay.com/gateway.do
, 支付宝mcloudapi网关域名: http://mcloudmonitor.com/gateway.do
, pid: XXXXXXXXXXXXXXXX
, appid: XXXXXXXXXXXXXXXX
, 商户RSA私钥: XXXXXX******XXXXXX
, 商户RSA公钥: XXXXXX******XXXXXX
, 支付宝RSA公钥: XXXXXX******XXXXXX
, 签名类型: RSA2
, 查询重试次数: 5
, 查询间隔(毫秒): 5000
, 撤销尝试次数: 3
, 撤销重试间隔(毫秒): 2000
, 交易保障调度延迟(秒): 5
, 交易保障调度间隔(秒): 900
}
2020-06-28 17:27:29.133 INFO  com.zy.minicodepay.modules.unionpay.util.SDKUtil Line:208 - 从classpath: /D:/IdeaProjects/mini-code/mini-code-pay/target/classes/ 获取属性文件acp_sdk.properties
2020-06-28 17:27:29.133 INFO  com.zy.minicodepay.modules.unionpay.util.SDKUtil Line:244 - 开始从属性文件中加载配置项
2020-06-28 17:27:29.133 INFO  com.zy.minicodepay.modules.unionpay.util.SDKUtil Line:249 - 单证书模式，使用配置文件配置的私钥签名证书，SingleCertMode:[true]
2020-06-28 17:27:29.133 INFO  com.zy.minicodepay.modules.unionpay.util.SDKUtil Line:255 - 配置项：私钥签名证书路径==>acpsdk.signCert.path==>D:/assets/acp_test_sign.pfx 已加载
2020-06-28 17:27:29.133 INFO  com.zy.minicodepay.modules.unionpay.util.SDKUtil Line:260 - 配置项：私钥签名证书密码==>acpsdk.signCert.pwd 已加载
2020-06-28 17:27:29.134 INFO  com.zy.minicodepay.modules.unionpay.util.SDKUtil Line:265 - 配置项：私钥签名证书类型==>acpsdk.signCert.type==>PKCS12 已加载
2020-06-28 17:27:29.134 INFO  com.zy.minicodepay.modules.unionpay.util.SDKUtil Line:275 - 配置项：敏感信息加密证书==>acpsdk.encryptCert.path==>D:/assets/acp_test_enc.cer 已加载
2020-06-28 17:27:29.134 INFO  com.zy.minicodepay.modules.unionpay.util.SDKUtil Line:280 - 配置项：验证签名证书路径(这里配置的是目录，不要指定到公钥文件)==>acpsdk.validateCert.dir==>D:/assets/ 已加载
